TN:
SF:src\controllers\teamController.js
FN:4,(anonymous_0)
FN:22,(anonymous_1)
FNF:2
FNH:2
FNDA:1,(anonymous_0)
FNDA:2,(anonymous_1)
DA:1,1
DA:4,1
DA:5,1
DA:6,1
DA:7,1
DA:13,0
DA:22,1
DA:23,2
DA:24,2
DA:26,2
DA:27,1
DA:33,1
DA:38,0
DA:46,1
LF:14
LH:12
BRDA:26,0,0,1
BRDA:26,0,1,1
BRF:2
BRH:2
end_of_record
TN:
SF:src\models\teamModel.js
FN:7,(anonymous_0)
FN:17,(anonymous_1)
FN:19,(anonymous_2)
FN:23,(anonymous_3)
FN:25,(anonymous_4)
FNF:5
FNH:3
FNDA:3,(anonymous_0)
FNDA:2,(anonymous_1)
FNDA:4,(anonymous_2)
FNDA:0,(anonymous_3)
FNDA:0,(anonymous_4)
DA:1,1
DA:2,1
DA:4,1
DA:7,1
DA:8,3
DA:9,3
DA:10,3
DA:12,0
DA:17,1
DA:18,2
DA:19,4
DA:23,1
DA:24,0
DA:25,0
DA:26,0
DA:30,1
LF:16
LH:12
BRF:0
BRH:0
end_of_record
TN:
SF:src\routes\teamRoutes.js
FNF:0
FNH:0
DA:1,1
DA:2,1
DA:3,1
DA:6,1
DA:9,1
DA:11,1
LF:6
LH:6
BRF:0
BRH:0
end_of_record
